
=== Building single__W__0p5cm ===
=== Running single__W__0p5cm ===
done: back/front=1.19702, high_survival=1.23198, soften=0.816078

=== Building single__W__1p0cm ===
=== Running single__W__1p0cm ===
done: back/front=1.00501, high_survival=0.995162, soften=0.961888

=== Building single__W__2p0cm ===
=== Running single__W__2p0cm ===
done: back/front=0.870264, high_survival=0.808999, soften=1.08499

=== Building single__W__5p0cm ===
=== Running single__W__5p0cm ===
done: back/front=0.630194, high_survival=0.492147, soften=1.33441

=== Building single__W__10p0cm ===
=== Running single__W__10p0cm ===
done: back/front=0.318149, high_survival=0.201498, soften=1.74796

=== Building single__Ti__0p5cm ===
=== Running single__Ti__0p5cm ===
done: back/front=1.25601, high_survival=1.26366, soften=0.734592

=== Building single__Ti__1p0cm ===
=== Running single__Ti__1p0cm ===
done: back/front=1.06435, high_survival=1.05385, soften=0.873837

=== Building single__Ti__2p0cm ===
=== Running single__Ti__2p0cm ===
done: back/front=0.949715, high_survival=0.919027, soften=0.93281

=== Building single__Ti__5p0cm ===
=== Running single__Ti__5p0cm ===
done: back/front=0.769285, high_survival=0.705451, soften=1.08673

=== Building single__Ti__10p0cm ===
=== Running single__Ti__10p0cm ===
done: back/front=0.530023, high_survival=0.458926, soften=1.23808

=== Building single__B4C__0p5cm ===
=== Running single__B4C__0p5cm ===
done: back/front=1.23873, high_survival=1.23579, soften=0.953661

=== Building single__B4C__1p0cm ===
=== Running single__B4C__1p0cm ===
done: back/front=1.03729, high_survival=1.01793, soften=1.0933

=== Building single__B4C__2p0cm ===
=== Running single__B4C__2p0cm ===
done: back/front=0.906221, high_survival=0.86577, soften=1.17733

=== Building single__B4C__5p0cm ===
=== Running single__B4C__5p0cm ===
done: back/front=0.68645, high_survival=0.613706, soften=1.38318

=== Building single__B4C__10p0cm ===
=== Running single__B4C__10p0cm ===
done: back/front=0.39143, high_survival=0.323717, soften=1.76065

=== Building single__SiC__0p5cm ===
=== Running single__SiC__0p5cm ===
done: back/front=1.25669, high_survival=1.25864, soften=1.04033

=== Building single__SiC__1p0cm ===
=== Running single__SiC__1p0cm ===
done: back/front=1.05557, high_survival=1.04684, soften=1.19932

=== Building single__SiC__2p0cm ===
=== Running single__SiC__2p0cm ===
done: back/front=0.927703, high_survival=0.905196, soften=1.31561

=== Building single__SiC__5p0cm ===
=== Running single__SiC__5p0cm ===
done: back/front=0.717253, high_survival=0.671394, soften=1.49288

=== Building single__SiC__10p0cm ===
=== Running single__SiC__10p0cm ===
done: back/front=0.452423, high_survival=0.403696, soften=1.86574

=== Building single__TiB2__0p5cm ===
=== Running single__TiB2__0p5cm ===
done: back/front=1.23094, high_survival=1.23407, soften=0.800885

=== Building single__TiB2__1p0cm ===
=== Running single__TiB2__1p0cm ===
done: back/front=1.0307, high_survival=1.01197, soften=0.939167

=== Building single__TiB2__2p0cm ===
=== Running single__TiB2__2p0cm ===
done: back/front=0.897739, high_survival=0.85291, soften=1.02769

=== Building single__TiB2__5p0cm ===
=== Running single__TiB2__5p0cm ===
done: back/front=0.67034, high_survival=0.585942, soften=1.27867

=== Building single__TiB2__10p0cm ===
=== Running single__TiB2__10p0cm ===
done: back/front=0.376235, high_survival=0.299136, soften=1.61367

=== Building single__Pb__0p5cm ===
=== Running single__Pb__0p5cm ===
done: back/front=1.23835, high_survival=1.26627, soften=0.80991

=== Building single__Pb__1p0cm ===
=== Running single__Pb__1p0cm ===
done: back/front=1.05227, high_survival=1.05424, soften=0.95842

=== Building single__Pb__2p0cm ===
=== Running single__Pb__2p0cm ===
done: back/front=0.938647, high_survival=0.912606, soften=1.01634

=== Building single__Pb__5p0cm ===
=== Running single__Pb__5p0cm ===
done: back/front=0.750248, high_survival=0.676994, soften=1.14929

=== Building single__Pb__10p0cm ===
=== Running single__Pb__10p0cm ===
done: back/front=0.487635, high_survival=0.400396, soften=1.30508

=== Building single__W_Ti_70_30_wt__0p5cm ===
=== Running single__W_Ti_70_30_wt__0p5cm ===
done: back/front=1.19723, high_survival=1.22084, soften=0.806925

=== Building single__W_Ti_70_30_wt__1p0cm ===
=== Running single__W_Ti_70_30_wt__1p0cm ===
done: back/front=1.00047, high_survival=0.982789, soften=0.948776

=== Building single__W_Ti_70_30_wt__2p0cm ===
=== Running single__W_Ti_70_30_wt__2p0cm ===
done: back/front=0.860381, high_survival=0.794275, soften=1.07195

=== Building single__W_Ti_70_30_wt__5p0cm ===
=== Running single__W_Ti_70_30_wt__5p0cm ===
done: back/front=0.610466, high_survival=0.475094, soften=1.34588

=== Building single__W_Ti_70_30_wt__10p0cm ===
=== Running single__W_Ti_70_30_wt__10p0cm ===
done: back/front=0.302376, high_survival=0.191224, soften=1.74802

=== Building single__W_B4C_70_30_wt__0p5cm ===
=== Running single__W_B4C_70_30_wt__0p5cm ===
done: back/front=1.1478, high_survival=1.15153, soften=0.898499

=== Building single__W_B4C_70_30_wt__1p0cm ===
=== Running single__W_B4C_70_30_wt__1p0cm ===
done: back/front=0.930913, high_survival=0.88802, soften=1.06094

=== Building single__W_B4C_70_30_wt__2p0cm ===
=== Running single__W_B4C_70_30_wt__2p0cm ===
done: back/front=0.754572, high_survival=0.654744, soften=1.26341

=== Building single__W_B4C_70_30_wt__5p0cm ===
=== Running single__W_B4C_70_30_wt__5p0cm ===
done: back/front=0.424537, high_survival=0.282718, soften=1.85699

=== Building single__W_B4C_70_30_wt__10p0cm ===
=== Running single__W_B4C_70_30_wt__10p0cm ===
done: back/front=0.112674, high_survival=0.057444, soften=2.61269

=== Building single__W_Ti_B4C_60_30_10_wt__0p5cm ===
=== Running single__W_Ti_B4C_60_30_10_wt__0p5cm ===
done: back/front=1.18399, high_survival=1.19614, soften=0.835393

=== Building single__W_Ti_B4C_60_30_10_wt__1p0cm ===
=== Running single__W_Ti_B4C_60_30_10_wt__1p0cm ===
done: back/front=0.977862, high_survival=0.949966, soften=0.997358

=== Building single__W_Ti_B4C_60_30_10_wt__2p0cm ===
=== Running single__W_Ti_B4C_60_30_10_wt__2p0cm ===
done: back/front=0.825105, high_survival=0.746399, soften=1.1388

=== Building single__W_Ti_B4C_60_30_10_wt__5p0cm ===
=== Running single__W_Ti_B4C_60_30_10_wt__5p0cm ===
done: back/front=0.5478, high_survival=0.405502, soften=1.5174

=== Building single__W_Ti_B4C_60_30_10_wt__10p0cm ===
=== Running single__W_Ti_B4C_60_30_10_wt__10p0cm ===
done: back/front=0.227529, high_survival=0.133065, soften=2.16335

=== Building single__W_Ti_B4C_Cr_55_25_10_10_wt__0p5cm ===
=== Running single__W_Ti_B4C_Cr_55_25_10_10_wt__0p5cm ===
done: back/front=1.18549, high_survival=1.19865, soften=0.821891

=== Building single__W_Ti_B4C_Cr_55_25_10_10_wt__1p0cm ===
=== Running single__W_Ti_B4C_Cr_55_25_10_10_wt__1p0cm ===
done: back/front=0.981062, high_survival=0.954147, soften=0.979366

=== Building single__W_Ti_B4C_Cr_55_25_10_10_wt__2p0cm ===
=== Running single__W_Ti_B4C_Cr_55_25_10_10_wt__2p0cm ===
done: back/front=0.828719, high_survival=0.753379, soften=1.14255

=== Building single__W_Ti_B4C_Cr_55_25_10_10_wt__5p0cm ===
=== Running single__W_Ti_B4C_Cr_55_25_10_10_wt__5p0cm ===
done: back/front=0.554591, high_survival=0.416227, soften=1.5227

=== Building single__W_Ti_B4C_Cr_55_25_10_10_wt__10p0cm ===
=== Running single__W_Ti_B4C_Cr_55_25_10_10_wt__10p0cm ===
done: back/front=0.235972, high_survival=0.141361, soften=2.1641

=== Building single__W_Ti_B4C_Al2O3_55_25_10_10_wt__0p5cm ===
=== Running single__W_Ti_B4C_Al2O3_55_25_10_10_wt__0p5cm ===
done: back/front=1.1911, high_survival=1.20143, soften=0.809894

=== Building single__W_Ti_B4C_Al2O3_55_25_10_10_wt__1p0cm ===
=== Running single__W_Ti_B4C_Al2O3_55_25_10_10_wt__1p0cm ===
done: back/front=0.984471, high_survival=0.957533, soften=0.983043

=== Building single__W_Ti_B4C_Al2O3_55_25_10_10_wt__2p0cm ===
=== Running single__W_Ti_B4C_Al2O3_55_25_10_10_wt__2p0cm ===
done: back/front=0.828712, high_survival=0.756045, soften=1.13017

=== Building single__W_Ti_B4C_Al2O3_55_25_10_10_wt__5p0cm ===
=== Running single__W_Ti_B4C_Al2O3_55_25_10_10_wt__5p0cm ===
done: back/front=0.548403, high_survival=0.414454, soften=1.53871

=== Building single__W_Ti_B4C_Al2O3_55_25_10_10_wt__10p0cm ===
=== Running single__W_Ti_B4C_Al2O3_55_25_10_10_wt__10p0cm ===
done: back/front=0.229423, high_survival=0.138805, soften=2.27233

=== Building stack__W__B4C__2p0cm ===
=== Running stack__W__B4C__2p0cm ===
done: back/front=0.802861, high_survival=0.853218, soften=0.791411

=== Building stack__W__B4C__5p0cm ===
=== Running stack__W__B4C__5p0cm ===
done: back/front=0.529057, high_survival=0.567509, soften=1.12815

=== Building stack__W__B4C__10p0cm ===
=== Running stack__W__B4C__10p0cm ===
done: back/front=0.24677, high_survival=0.266337, soften=1.46375

=== Building stack__W__SiC__2p0cm ===
=== Running stack__W__SiC__2p0cm ===
done: back/front=0.808318, high_survival=0.863911, soften=0.829447

=== Building stack__W__SiC__5p0cm ===
=== Running stack__W__SiC__5p0cm ===
done: back/front=0.535397, high_survival=0.58426, soften=1.00195

=== Building stack__W__SiC__10p0cm ===
=== Running stack__W__SiC__10p0cm ===
done: back/front=0.25797, high_survival=0.285819, soften=1.28483

=== Building stack__W__TiB2__2p0cm ===
=== Running stack__W__TiB2__2p0cm ===
done: back/front=0.817901, high_survival=0.843288, soften=0.749814

=== Building stack__W__TiB2__5p0cm ===
=== Running stack__W__TiB2__5p0cm ===
done: back/front=0.546754, high_survival=0.550368, soften=0.955177

=== Building stack__W__TiB2__10p0cm ===
=== Running stack__W__TiB2__10p0cm ===
done: back/front=0.258963, high_survival=0.251443, soften=1.1896

=== Building stack__W__Pb__2p0cm ===
=== Running stack__W__Pb__2p0cm ===
done: back/front=0.879143, high_survival=0.858861, soften=0.806562

=== Building stack__W__Pb__5p0cm ===
=== Running stack__W__Pb__5p0cm ===
done: back/front=0.626127, high_survival=0.576629, soften=0.786446

=== Building stack__W__Pb__10p0cm ===
=== Running stack__W__Pb__10p0cm ===
done: back/front=0.325556, high_survival=0.280186, soften=0.738175

=== Building stack__W__W_Ti_B4C_60_30_10_wt__2p0cm ===
=== Running stack__W__W_Ti_B4C_60_30_10_wt__2p0cm ===
done: back/front=0.815793, high_survival=0.788529, soften=0.904545

=== Building stack__W__W_Ti_B4C_60_30_10_wt__5p0cm ===
=== Running stack__W__W_Ti_B4C_60_30_10_wt__5p0cm ===
done: back/front=0.555307, high_survival=0.459622, soften=1.33078

=== Building stack__W__W_Ti_B4C_60_30_10_wt__10p0cm ===
=== Running stack__W__W_Ti_B4C_60_30_10_wt__10p0cm ===
done: back/front=0.254701, high_survival=0.171391, soften=2.12412

=== Building stack__W__W_Ti_B4C_Cr_55_25_10_10_wt__2p0cm ===
=== Running stack__W__W_Ti_B4C_Cr_55_25_10_10_wt__2p0cm ===
done: back/front=0.815387, high_survival=0.791795, soften=0.899985

=== Building stack__W__W_Ti_B4C_Cr_55_25_10_10_wt__5p0cm ===
=== Running stack__W__W_Ti_B4C_Cr_55_25_10_10_wt__5p0cm ===
done: back/front=0.553397, high_survival=0.464804, soften=1.30042

=== Building stack__W__W_Ti_B4C_Cr_55_25_10_10_wt__10p0cm ===
=== Running stack__W__W_Ti_B4C_Cr_55_25_10_10_wt__10p0cm ===
done: back/front=0.254751, high_survival=0.175947, soften=2.07012

=== Building stack__W__W_Ti_B4C_Al2O3_55_25_10_10_wt__2p0cm ===
=== Running stack__W__W_Ti_B4C_Al2O3_55_25_10_10_wt__2p0cm ===
done: back/front=0.806972, high_survival=0.796086, soften=0.880002

=== Building stack__W__W_Ti_B4C_Al2O3_55_25_10_10_wt__5p0cm ===
=== Running stack__W__W_Ti_B4C_Al2O3_55_25_10_10_wt__5p0cm ===
done: back/front=0.54261, high_survival=0.467417, soften=1.34641

=== Building stack__W__W_Ti_B4C_Al2O3_55_25_10_10_wt__10p0cm ===
=== Running stack__W__W_Ti_B4C_Al2O3_55_25_10_10_wt__10p0cm ===
done: back/front=0.246486, high_survival=0.175984, soften=2.28081

=== Building stack__Pb__B4C__2p0cm ===
=== Running stack__Pb__B4C__2p0cm ===
done: back/front=0.873208, high_survival=0.904173, soften=0.816356

=== Building stack__Pb__B4C__5p0cm ===
=== Running stack__Pb__B4C__5p0cm ===
done: back/front=0.648272, high_survival=0.6654, soften=1.11224

=== Building stack__Pb__B4C__10p0cm ===
=== Running stack__Pb__B4C__10p0cm ===
done: back/front=0.382389, high_survival=0.381366, soften=1.72382

=== Building stack__Pb__SiC__2p0cm ===
=== Running stack__Pb__SiC__2p0cm ===
done: back/front=0.874561, high_survival=0.916886, soften=0.833858

=== Building stack__Pb__SiC__5p0cm ===
=== Running stack__Pb__SiC__5p0cm ===
done: back/front=0.645286, high_survival=0.685274, soften=0.981261

=== Building stack__Pb__SiC__10p0cm ===
=== Running stack__Pb__SiC__10p0cm ===
done: back/front=0.383414, high_survival=0.407925, soften=1.28188

=== Building stack__Ti__B4C__2p0cm ===
=== Running stack__Ti__B4C__2p0cm ===
done: back/front=0.916829, high_survival=0.903013, soften=0.83719

=== Building stack__Ti__B4C__5p0cm ===
=== Running stack__Ti__B4C__5p0cm ===
done: back/front=0.71856, high_survival=0.676822, soften=1.03474

=== Building stack__Ti__B4C__10p0cm ===
=== Running stack__Ti__B4C__10p0cm ===
done: back/front=0.465117, high_survival=0.412527, soften=1.33434

Top 10 runs by composite_score:
single__W_B4C_70_30_wt__10p0cm           score=0.0456032 back/front=0.112674 soften=2.61269
single__W_Ti_B4C_Al2O3_55_25_10_10_wt__10p0cm score=0.114978 back/front=0.229423 soften=2.27233
single__W_Ti_B4C_60_30_10_wt__10p0cm     score=0.11917 back/front=0.227529 soften=2.16335
single__W_Ti_B4C_Cr_55_25_10_10_wt__10p0cm score=0.124453 back/front=0.235972 soften=2.1641
stack__W__W_Ti_B4C_Al2O3_55_25_10_10_wt__10p0cm score=0.127088 back/front=0.246486 soften=2.28081
stack__W__W_Ti_B4C_60_30_10_wt__10p0cm   score=0.14046 back/front=0.254701 soften=2.12412
stack__W__W_Ti_B4C_Cr_55_25_10_10_wt__10p0cm score=0.144713 back/front=0.254751 soften=2.07012
single__W_Ti_70_30_wt__10p0cm            score=0.20606 back/front=0.302376 soften=1.74802
stack__W__B4C__10p0cm                    score=0.213488 back/front=0.24677 soften=1.46375
single__W__10p0cm                        score=0.218687 back/front=0.318149 soften=1.74796

Finished. Wrote overnight_summary.csv
