
=== radius_cm=55.0 ===
[GEOM DEBUG] radial mesh bins: 24
[GEOM DEBUG] outer_radius_cm: 180.29999999999998
[GEOM DEBUG] z_extent_cm: 540.0
[GEOM DEBUG] r_grid first/last: [0.0, 7.512499999999999, 15.024999999999999, 22.537499999999998] ... [157.7625, 165.27499999999998, 172.7875, 180.29999999999998]
[GEOM DEBUG] plasma_radius_cm: 55.0
[GEOM DEBUG] blanket_thickness_cm: 125.0
[GEOM DEBUG] lithium_thickness_cm: 0.3
[GEOM DEBUG] axial caps cm: 80.0 60.0
[GEOM DEBUG] split: (0.19047619047619047, 0.19047619047619047, 0.38095238095238093, 0.14285714285714285, 0.09523809523809523)
[GEOM DEBUG] materials: Be Li2O Li2O W_Ti_B4C_60_30_10_wt Be
[GEOM DEBUG] axial materials: Be Be
[GEOM DEBUG] radii cm: {'r0': 55.0, 'r1': 55.3, 'r2': 79.10952380952381, 'r3': 102.91904761904762, 'r4': 150.53809523809522, 'r5': 168.39523809523808, 'r6': 180.29999999999998}
[GEOM DEBUG] cell names: ['plasma', 'liquid_wall', 'l1_inner_breeder', 'l2_multiplier', 'l3_main_breeder', 'l4_outer_shape', 'l5_outer_breeder', 'top_cap_inner', 'bot_cap_inner', 'top_cap_outer', 'bot_cap_outer']
[RUN DEBUG] run_dir: /tmp/tmp1x835_on
[RUN DEBUG] files: ['geometry.xml', 'materials.xml', 'settings.xml', 'tallies.xml']
[RUN DEBUG] flux size: 24
[RUN DEBUG] h3 size: 10
[RUN DEBUG] heat size: 10
[RUN DEBUG] flux first 8: [ 16.30184965  25.3434979   34.10421     42.96739284  51.75656471
  60.02957234  68.0688202  103.09943937]
[RUN DEBUG] flux last 8: [0.15847456 0.1134279  0.06713385 0.04942047 0.02186401 0.00572745
 0.00488498 0.00183304]
[RUN DEBUG] inner/mid/outer: 50.20891837663849 38.96718115196343 0.05284578058969399
[RUN DEBUG] attenuation: 0.9997109977556631
[RUN DEBUG] gradient: 0.9998875566052617
[RUN DEBUG] h3_total: 2.2155324684418574
[RUN DEBUG] heat_total: 22989970.249788225
[RUN DEBUG] front_heating_frac: 0.22262576938786968
[SIM PATCH] attn=0.000000 grad=0.000000 front_heat=0.000000
[GEOM DEBUG] radial mesh bins: 24
[GEOM DEBUG] outer_radius_cm: 180.29999999999998
[GEOM DEBUG] z_extent_cm: 540.0
[GEOM DEBUG] r_grid first/last: [0.0, 7.512499999999999, 15.024999999999999, 22.537499999999998] ... [157.7625, 165.27499999999998, 172.7875, 180.29999999999998]
[GEOM DEBUG] plasma_radius_cm: 55.0
[GEOM DEBUG] blanket_thickness_cm: 125.0
[GEOM DEBUG] lithium_thickness_cm: 0.3
[GEOM DEBUG] axial caps cm: 80.0 60.0
[GEOM DEBUG] split: (0.19047619047619047, 0.19047619047619047, 0.38095238095238093, 0.14285714285714285, 0.09523809523809523)
[GEOM DEBUG] materials: Be Li2O Li2O W_Ti_B4C_60_30_10_wt Be
[GEOM DEBUG] axial materials: Be Be
[GEOM DEBUG] radii cm: {'r0': 55.0, 'r1': 55.3, 'r2': 79.10952380952381, 'r3': 102.91904761904762, 'r4': 150.53809523809522, 'r5': 168.39523809523808, 'r6': 180.29999999999998}
[GEOM DEBUG] cell names: ['plasma', 'liquid_wall', 'l1_inner_breeder', 'l2_multiplier', 'l3_main_breeder', 'l4_outer_shape', 'l5_outer_breeder', 'top_cap_inner', 'bot_cap_inner', 'top_cap_outer', 'bot_cap_outer']
[RUN DEBUG] run_dir: /tmp/tmp9srz0tkh
[RUN DEBUG] files: ['geometry.xml', 'materials.xml', 'settings.xml', 'tallies.xml']
[RUN DEBUG] flux size: 24
[RUN DEBUG] h3 size: 10
[RUN DEBUG] heat size: 10
[RUN DEBUG] flux first 8: [ 16.30184965  25.3434979   34.10421     42.96739284  51.75656471
  60.02957234  68.0688202  103.09943937]
[RUN DEBUG] flux last 8: [0.15847456 0.1134279  0.06713385 0.04942047 0.02186401 0.00572745
 0.00488498 0.00183304]
[RUN DEBUG] inner/mid/outer: 50.20891837663851 38.96718115196345 0.05284578058969399
[RUN DEBUG] attenuation: 0.9997109977556631
[RUN DEBUG] gradient: 0.9998875566052617
[RUN DEBUG] h3_total: 2.215532468441858
[RUN DEBUG] heat_total: 22989970.24978822
[RUN DEBUG] front_heating_frac: 0.22262576938786982
radius_cm: 55.0
TBR_openmc: 2.215532468441858
ATTN_openmc: 0.9997109977556631
GRAD_openmc: 0.9998875566052617
front_heating_raw: 0.22262576938786982
front_heating_corrected: 0.18756221070928034
wall_load_raw: 619.972827004788
wall_load_corrected: 500.62805780636626
wall_temp_raw: 22141.886678742427
wall_temp_corrected: 16329.641425572541
fail_rate_raw: 0.013000113385346174
fail_rate_corrected: 0.009360081637449245
spread_credit: 0.35
healing_credit: 0.28
net_electric: 3824.6410801649745

=== radius_cm=60.0 ===
[GEOM DEBUG] radial mesh bins: 24
[GEOM DEBUG] outer_radius_cm: 185.29999999999998
[GEOM DEBUG] z_extent_cm: 540.0
[GEOM DEBUG] r_grid first/last: [0.0, 7.720833333333332, 15.441666666666665, 23.162499999999998] ... [162.1375, 169.85833333333332, 177.57916666666665, 185.29999999999998]
[GEOM DEBUG] plasma_radius_cm: 60.0
[GEOM DEBUG] blanket_thickness_cm: 125.0
[GEOM DEBUG] lithium_thickness_cm: 0.3
[GEOM DEBUG] axial caps cm: 80.0 60.0
[GEOM DEBUG] split: (0.19047619047619047, 0.19047619047619047, 0.38095238095238093, 0.14285714285714285, 0.09523809523809523)
[GEOM DEBUG] materials: Be Li2O Li2O W_Ti_B4C_60_30_10_wt Be
[GEOM DEBUG] axial materials: Be Be
[GEOM DEBUG] radii cm: {'r0': 60.0, 'r1': 60.3, 'r2': 84.10952380952381, 'r3': 107.91904761904762, 'r4': 155.53809523809522, 'r5': 173.39523809523808, 'r6': 185.29999999999998}
[GEOM DEBUG] cell names: ['plasma', 'liquid_wall', 'l1_inner_breeder', 'l2_multiplier', 'l3_main_breeder', 'l4_outer_shape', 'l5_outer_breeder', 'top_cap_inner', 'bot_cap_inner', 'top_cap_outer', 'bot_cap_outer']
[RUN DEBUG] run_dir: /tmp/tmp06axkmbj
[RUN DEBUG] files: ['geometry.xml', 'materials.xml', 'settings.xml', 'tallies.xml']
[RUN DEBUG] flux size: 24
[RUN DEBUG] h3 size: 10
[RUN DEBUG] heat size: 10
[RUN DEBUG] flux first 8: [16.49845693 25.29368193 34.01371155 42.45562275 51.2508101  59.33669606
 67.49274308 79.10550255]
[RUN DEBUG] flux last 8: [0.18939885 0.13639552 0.08087818 0.04889988 0.02677952 0.01057486
 0.00566535 0.00266329]
[RUN DEBUG] inner/mid/outer: 46.93090312059951 46.14014232665036 0.0626569322326262
[RUN DEBUG] attenuation: 0.9996137116918948
[RUN DEBUG] gradient: 0.9998385731000005
[RUN DEBUG] h3_total: 2.205677706616161
[RUN DEBUG] heat_total: 22966376.268921718
[RUN DEBUG] front_heating_frac: 0.2234802830089628
[SIM PATCH] attn=0.000000 grad=0.000000 front_heat=0.000000
[GEOM DEBUG] radial mesh bins: 24
[GEOM DEBUG] outer_radius_cm: 185.29999999999998
[GEOM DEBUG] z_extent_cm: 540.0
[GEOM DEBUG] r_grid first/last: [0.0, 7.720833333333332, 15.441666666666665, 23.162499999999998] ... [162.1375, 169.85833333333332, 177.57916666666665, 185.29999999999998]
[GEOM DEBUG] plasma_radius_cm: 60.0
[GEOM DEBUG] blanket_thickness_cm: 125.0
[GEOM DEBUG] lithium_thickness_cm: 0.3
[GEOM DEBUG] axial caps cm: 80.0 60.0
[GEOM DEBUG] split: (0.19047619047619047, 0.19047619047619047, 0.38095238095238093, 0.14285714285714285, 0.09523809523809523)
[GEOM DEBUG] materials: Be Li2O Li2O W_Ti_B4C_60_30_10_wt Be
[GEOM DEBUG] axial materials: Be Be
[GEOM DEBUG] radii cm: {'r0': 60.0, 'r1': 60.3, 'r2': 84.10952380952381, 'r3': 107.91904761904762, 'r4': 155.53809523809522, 'r5': 173.39523809523808, 'r6': 185.29999999999998}
[GEOM DEBUG] cell names: ['plasma', 'liquid_wall', 'l1_inner_breeder', 'l2_multiplier', 'l3_main_breeder', 'l4_outer_shape', 'l5_outer_breeder', 'top_cap_inner', 'bot_cap_inner', 'top_cap_outer', 'bot_cap_outer']
[RUN DEBUG] run_dir: /tmp/tmpwo2zo4ta
[RUN DEBUG] files: ['geometry.xml', 'materials.xml', 'settings.xml', 'tallies.xml']
[RUN DEBUG] flux size: 24
[RUN DEBUG] h3 size: 10
[RUN DEBUG] heat size: 10
[RUN DEBUG] flux first 8: [16.49845693 25.29368193 34.01371155 42.45562275 51.2508101  59.33669606
 67.49274308 79.10550255]
[RUN DEBUG] flux last 8: [0.18939885 0.13639552 0.08087818 0.04889988 0.02677952 0.01057486
 0.00566535 0.00266329]
[RUN DEBUG] inner/mid/outer: 46.9309031205995 46.14014232665041 0.0626569322326262
[RUN DEBUG] attenuation: 0.9996137116918948
[RUN DEBUG] gradient: 0.9998385731000005
[RUN DEBUG] h3_total: 2.205677706616161
[RUN DEBUG] heat_total: 22966376.26892172
[RUN DEBUG] front_heating_frac: 0.22348028300896278
radius_cm: 60.0
TBR_openmc: 2.205677706616161
ATTN_openmc: 0.9996137116918948
GRAD_openmc: 0.9998385731000005
front_heating_raw: 0.22348028300896278
front_heating_corrected: 0.18828213843505115
wall_load_raw: 477.5369402450075
wall_load_corrected: 385.6110792478435
wall_temp_raw: 17054.890723035984
wall_temp_corrected: 12577.981908239039
fail_rate_raw: 0.013000113385346174
fail_rate_corrected: 0.009360081637449245
spread_credit: 0.35
healing_credit: 0.28
net_electric: 3470.4606590318404

=== RANKED SUMMARY ===
radius_cm= 55.0 TBR= 2.215532468441858 ATTN= 0.9997109977556631 GRAD= 0.9998875566052617 front_heat_raw= 0.22262576938786982 front_heat_corr= 0.18756221070928034 wall_load_raw= 619.972827004788 wall_load_corr= 500.62805780636626 wall_temp_raw= 22141.886678742427 wall_temp_corr= 16329.641425572541 fail_raw= 0.013000113385346174 fail_corr= 0.009360081637449245 net_electric= 3824.6410801649745
radius_cm= 60.0 TBR= 2.205677706616161 ATTN= 0.9996137116918948 GRAD= 0.9998385731000005 front_heat_raw= 0.22348028300896278 front_heat_corr= 0.18828213843505115 wall_load_raw= 477.5369402450075 wall_load_corr= 385.6110792478435 wall_temp_raw= 17054.890723035984 wall_temp_corr= 12577.981908239039 fail_raw= 0.013000113385346174 fail_corr= 0.009360081637449245 net_electric= 3470.4606590318404

Saved radius_head_to_head_result.json
